Determining if the pthread_create exist failed with the following output:
Change Dir: /digit_segmentation/digit_segmentation/build/CMakeFiles/CMakeTmp

Run Build Command:"/usr/bin/make" "cmTC_71e1c/fast"
/usr/bin/make -f CMakeFiles/cmTC_71e1c.dir/build.make CMakeFiles/cmTC_71e1c.dir/build
make[1]: Entering directory '/digit_segmentation/digit_segmentation/build/CMakeFiles/CMakeTmp'
Building C object CMakeFiles/cmTC_71e1c.dir/CheckSymbolExists.c.o
/usr/bin/cc    -o CMakeFiles/cmTC_71e1c.dir/CheckSymbolExists.c.o   -c /digit_segmentation/digit_segmentation/build/CMakeFiles/CMakeTmp/CheckSymbolExists.c
Linking C executable cmTC_71e1c
/usr/bin/cmake -E cmake_link_script CMakeFiles/cmTC_71e1c.dir/link.txt --verbose=1
/usr/bin/cc      -rdynamic CMakeFiles/cmTC_71e1c.dir/CheckSymbolExists.c.o  -o cmTC_71e1c 
CMakeFiles/cmTC_71e1c.dir/CheckSymbolExists.c.o: In function `main':
CheckSymbolExists.c:(.text+0x1b): undefined reference to `pthread_create'
collect2: error: ld returned 1 exit status
CMakeFiles/cmTC_71e1c.dir/build.make:97: recipe for target 'cmTC_71e1c' failed
make[1]: *** [cmTC_71e1c] Error 1
make[1]: Leaving directory '/digit_segmentation/digit_segmentation/build/CMakeFiles/CMakeTmp'
Makefile:126: recipe for target 'cmTC_71e1c/fast' failed
make: *** [cmTC_71e1c/fast] Error 2

File /digit_segmentation/digit_segmentation/build/CMakeFiles/CMakeTmp/CheckSymbolExists.c:
/* */
#include <pthread.h>

int main(int argc, char** argv)
{
  (void)argv;
#ifndef pthread_create
  return ((int*)(&pthread_create))[argc];
#else
  (void)argc;
  return 0;
#endif
}

Determining if the function pthread_create exists in the pthreads failed with the following output:
Change Dir: /digit_segmentation/digit_segmentation/build/CMakeFiles/CMakeTmp

Run Build Command:"/usr/bin/make" "cmTC_29eb2/fast"
/usr/bin/make -f CMakeFiles/cmTC_29eb2.dir/build.make CMakeFiles/cmTC_29eb2.dir/build
make[1]: Entering directory '/digit_segmentation/digit_segmentation/build/CMakeFiles/CMakeTmp'
Building C object CMakeFiles/cmTC_29eb2.dir/CheckFunctionExists.c.o
/usr/bin/cc   -DCHECK_FUNCTION_EXISTS=pthread_create   -o CMakeFiles/cmTC_29eb2.dir/CheckFunctionExists.c.o   -c /usr/share/cmake-3.10/Modules/CheckFunctionExists.c
Linking C executable cmTC_29eb2
/usr/bin/cmake -E cmake_link_script CMakeFiles/cmTC_29eb2.dir/link.txt --verbose=1
/usr/bin/cc  -DCHECK_FUNCTION_EXISTS=pthread_create    -rdynamic CMakeFiles/cmTC_29eb2.dir/CheckFunctionExists.c.o  -o cmTC_29eb2 -lpthreads 
/usr/bin/ld: cannot find -lpthreads
collect2: error: ld returned 1 exit status
CMakeFiles/cmTC_29eb2.dir/build.make:97: recipe for target 'cmTC_29eb2' failed
make[1]: *** [cmTC_29eb2] Error 1
make[1]: Leaving directory '/digit_segmentation/digit_segmentation/build/CMakeFiles/CMakeTmp'
Makefile:126: recipe for target 'cmTC_29eb2/fast' failed
make: *** [cmTC_29eb2/fast] Error 2


