Determining if the pthread_create exist failed with the following output:
Change Dir: /gripper/build/CMakeFiles/CMakeTmp

Run Build Command:"/usr/bin/make" "cmTC_bfcfa/fast"
/usr/bin/make -f CMakeFiles/cmTC_bfcfa.dir/build.make CMakeFiles/cmTC_bfcfa.dir/build
make[1]: Entering directory '/gripper/build/CMakeFiles/CMakeTmp'
Building C object CMakeFiles/cmTC_bfcfa.dir/CheckSymbolExists.c.o
/usr/bin/cc    -o CMakeFiles/cmTC_bfcfa.dir/CheckSymbolExists.c.o   -c /gripper/build/CMakeFiles/CMakeTmp/CheckSymbolExists.c
Linking C executable cmTC_bfcfa
/usr/bin/cmake -E cmake_link_script CMakeFiles/cmTC_bfcfa.dir/link.txt --verbose=1
/usr/bin/cc      -rdynamic CMakeFiles/cmTC_bfcfa.dir/CheckSymbolExists.c.o  -o cmTC_bfcfa 
CMakeFiles/cmTC_bfcfa.dir/CheckSymbolExists.c.o: In function `main':
CheckSymbolExists.c:(.text+0x1b): undefined reference to `pthread_create'
collect2: error: ld returned 1 exit status
CMakeFiles/cmTC_bfcfa.dir/build.make:97: recipe for target 'cmTC_bfcfa' failed
make[1]: *** [cmTC_bfcfa] Error 1
make[1]: Leaving directory '/gripper/build/CMakeFiles/CMakeTmp'
Makefile:126: recipe for target 'cmTC_bfcfa/fast' failed
make: *** [cmTC_bfcfa/fast] Error 2

File /gripper/build/CMakeFiles/CMakeTmp/CheckSymbolExists.c:
/* */
#include <pthread.h>

int main(int argc, char** argv)
{
  (void)argv;
#ifndef pthread_create
  return ((int*)(&pthread_create))[argc];
#else
  (void)argc;
  return 0;
#endif
}

Determining if the function pthread_create exists in the pthreads failed with the following output:
Change Dir: /gripper/build/CMakeFiles/CMakeTmp

Run Build Command:"/usr/bin/make" "cmTC_272f0/fast"
/usr/bin/make -f CMakeFiles/cmTC_272f0.dir/build.make CMakeFiles/cmTC_272f0.dir/build
make[1]: Entering directory '/gripper/build/CMakeFiles/CMakeTmp'
Building C object CMakeFiles/cmTC_272f0.dir/CheckFunctionExists.c.o
/usr/bin/cc   -DCHECK_FUNCTION_EXISTS=pthread_create   -o CMakeFiles/cmTC_272f0.dir/CheckFunctionExists.c.o   -c /usr/share/cmake-3.10/Modules/CheckFunctionExists.c
Linking C executable cmTC_272f0
/usr/bin/cmake -E cmake_link_script CMakeFiles/cmTC_272f0.dir/link.txt --verbose=1
/usr/bin/cc  -DCHECK_FUNCTION_EXISTS=pthread_create    -rdynamic CMakeFiles/cmTC_272f0.dir/CheckFunctionExists.c.o  -o cmTC_272f0 -lpthreads 
/usr/bin/ld: cannot find -lpthreads
collect2: error: ld returned 1 exit status
CMakeFiles/cmTC_272f0.dir/build.make:97: recipe for target 'cmTC_272f0' failed
make[1]: *** [cmTC_272f0] Error 1
make[1]: Leaving directory '/gripper/build/CMakeFiles/CMakeTmp'
Makefile:126: recipe for target 'cmTC_272f0/fast' failed
make: *** [cmTC_272f0/fast] Error 2


